<?xml version="1.0" encoding="UTF-8"?>
<testng-results skipped="0" failed="1" total="1" passed="0">
  <reporter-output>
  </reporter-output>
  <suite name="Surefire suite" duration-ms="78331" started-at="2020-08-27T17:58:55Z" finished-at="2020-08-27T18:00:14Z">
    <groups>
    </groups>
    <test name="Surefire test" duration-ms="78331" started-at="2020-08-27T17:58:55Z" finished-at="2020-08-27T18:00:14Z">
      <class name="com.howtodoinjava.demo.TestScreenshotsUsingAshots">
        <test-method status="PASS" signature="springTestContextBeforeTestClass()[pri:0, instance:com.howtodoinjava.demo.TestScreenshotsUsingAshots@4278a03f]" name="springTestContextBeforeTestClass" is-config="true" duration-ms="31" started-at="2020-08-27T19:58:55Z" finished-at="2020-08-27T19:58:55Z">
          <reporter-output>
          </reporter-output>
        </test-method> <!-- springTestContextBeforeTestClass -->
        <test-method status="PASS" signature="springTestContextPrepareTestInstance()[pri:0, instance:com.howtodoinjava.demo.TestScreenshotsUsingAshots@4278a03f]" name="springTestContextPrepareTestInstance" is-config="true" duration-ms="1689" started-at="2020-08-27T19:58:55Z" depends-on-methods="org.springframework.test.context.testng.AbstractTestNGSpringContextTests.springTestContextBeforeTestClass" finished-at="2020-08-27T19:58:57Z">
          <reporter-output>
          </reporter-output>
        </test-method> <!-- springTestContextPrepareTestInstance -->
        <test-method status="PASS" signature="springTestContextBeforeTestMethod(java.lang.reflect.Method)[pri:0, instance:com.howtodoinjava.demo.TestScreenshotsUsingAshots@4278a03f]" name="springTestContextBeforeTestMethod" is-config="true" duration-ms="8" started-at="2020-08-27T19:58:57Z" finished-at="2020-08-27T19:58:57Z">
          <params>
            <param index="0">
              <value>
                <![CDATA[public void com.howtodoinjava.demo.TestScreenshotsUsingAshots.TestScreenshot() throws java.io.IOException,java.awt.AWTException,java.lang.InterruptedException,java.lang.ClassNotFoundException,java.lang.InstantiationException,java.lang.IllegalAccessException]]>
              </value>
            </param>
          </params>
          <reporter-output>
          </reporter-output>
        </test-method> <!-- springTestContextBeforeTestMethod -->
        <test-method status="FAIL" signature="TestScreenshot()[pri:0, instance:com.howtodoinjava.demo.TestScreenshotsUsingAshots@4278a03f]" name="TestScreenshot" duration-ms="74392" started-at="2020-08-27T19:58:57Z" finished-at="2020-08-27T20:00:11Z">
          <exception class="org.openqa.selenium.WebDriverException">
            <message>
              <![CDATA[unknown error: DevToolsActivePort file doesn't exist
  (Driver info: operadriver=84.0.4147.89 (19abfe7bcba9318a0b2a6bc6634a67fc834aa592-refs/branch-heads/4147@{#852}),platform=Windows NT 10.0.18363 x86_64) (WARNING: The server did not provide any stacktrace information)
Command duration or timeout: 62.42 seconds
Build info: version: '3.9.1', revision: '63f7b50', time: '2018-02-07T22:25:02.294Z'
System info: host: 'JUMPER-PC', ip: '192.168.1.16', os.name: 'Windows 10', os.arch: 'amd64', os.version: '10.0', java.version: '1.8.0_261'
Driver info: driver.version: OperaDriver]]>
            </message>
            <full-stacktrace>
              <![CDATA[org.openqa.selenium.WebDriverException: unknown error: DevToolsActivePort file doesn't exist
  (Driver info: operadriver=84.0.4147.89 (19abfe7bcba9318a0b2a6bc6634a67fc834aa592-refs/branch-heads/4147@{#852}),platform=Windows NT 10.0.18363 x86_64) (WARNING: The server did not provide any stacktrace information)
Command duration or timeout: 62.42 seconds
Build info: version: '3.9.1', revision: '63f7b50', time: '2018-02-07T22:25:02.294Z'
System info: host: 'JUMPER-PC', ip: '192.168.1.16', os.name: 'Windows 10', os.arch: 'amd64', os.version: '10.0', java.version: '1.8.0_261'
Driver info: driver.version: OperaDriver
	at sun.reflect.NativeConstructorAccessorImpl.newInstance0(Native Method)
	at sun.reflect.NativeConstructorAccessorImpl.newInstance(Unknown Source)
	at sun.reflect.DelegatingConstructorAccessorImpl.newInstance(Unknown Source)
	at java.lang.reflect.Constructor.newInstance(Unknown Source)
	at org.openqa.selenium.remote.ErrorHandler.createThrowable(ErrorHandler.java:214)
	at org.openqa.selenium.remote.ErrorHandler.throwIfResponseFailed(ErrorHandler.java:166)
	at org.openqa.selenium.remote.JsonWireProtocolResponse.lambda$new$0(JsonWireProtocolResponse.java:53)
	at org.openqa.selenium.remote.JsonWireProtocolResponse.lambda$getResponseFunction$2(JsonWireProtocolResponse.java:91)
	at org.openqa.selenium.remote.ProtocolHandshake.lambda$createSession$0(ProtocolHandshake.java:123)
	at java.util.stream.ReferencePipeline$3$1.accept(Unknown Source)
	at java.util.Spliterators$ArraySpliterator.tryAdvance(Unknown Source)
	at java.util.stream.ReferencePipeline.forEachWithCancel(Unknown Source)
	at java.util.stream.AbstractPipeline.copyIntoWithCancel(Unknown Source)
	at java.util.stream.AbstractPipeline.copyInto(Unknown Source)
	at java.util.stream.AbstractPipeline.wrapAndCopyInto(Unknown Source)
	at java.util.stream.FindOps$FindOp.evaluateSequential(Unknown Source)
	at java.util.stream.AbstractPipeline.evaluate(Unknown Source)
	at java.util.stream.ReferencePipeline.findFirst(Unknown Source)
	at org.openqa.selenium.remote.ProtocolHandshake.createSession(ProtocolHandshake.java:126)
	at org.openqa.selenium.remote.ProtocolHandshake.createSession(ProtocolHandshake.java:73)
	at org.openqa.selenium.remote.HttpCommandExecutor.execute(HttpCommandExecutor.java:138)
	at org.openqa.selenium.remote.service.DriverCommandExecutor.execute(DriverCommandExecutor.java:83)
	at org.openqa.selenium.remote.RemoteWebDriver.execute(RemoteWebDriver.java:601)
	at org.openqa.selenium.remote.RemoteWebDriver.startSession(RemoteWebDriver.java:219)
	at org.openqa.selenium.remote.RemoteWebDriver.<init>(RemoteWebDriver.java:142)
	at org.openqa.selenium.opera.OperaDriver.<init>(OperaDriver.java:173)
	at org.openqa.selenium.opera.OperaDriver.<init>(OperaDriver.java:160)
	at org.openqa.selenium.opera.OperaDriver.<init>(OperaDriver.java:115)
	at com.howtodoinjava.demo.TestScreenshotsUsingAshots.TestScreenshot(TestScreenshotsUsingAshots.java:95)
	at sun.reflect.NativeMethodAccessorImpl.invoke0(Native Method)
	at sun.reflect.NativeMethodAccessorImpl.invoke(Unknown Source)
	at sun.reflect.DelegatingMethodAccessorImpl.invoke(Unknown Source)
	at java.lang.reflect.Method.invoke(Unknown Source)
	at org.testng.internal.MethodInvocationHelper.invokeMethod(MethodInvocationHelper.java:86)
	at org.testng.internal.MethodInvocationHelper$1.runTestMethod(MethodInvocationHelper.java:197)
	at org.springframework.test.context.testng.AbstractTestNGSpringContextTests.run(AbstractTestNGSpringContextTests.java:180)
	at org.testng.internal.MethodInvocationHelper.invokeHookable(MethodInvocationHelper.java:209)
	at org.testng.internal.Invoker.invokeMethod(Invoker.java:639)
	at org.testng.internal.Invoker.invokeTestMethod(Invoker.java:820)
	at org.testng.internal.Invoker.invokeTestMethods(Invoker.java:1128)
	at org.testng.internal.TestMethodWorker.invokeTestMethods(TestMethodWorker.java:129)
	at org.testng.internal.TestMethodWorker.run(TestMethodWorker.java:112)
	at org.testng.TestRunner.privateRun(TestRunner.java:782)
	at org.testng.TestRunner.run(TestRunner.java:632)
	at org.testng.SuiteRunner.runTest(SuiteRunner.java:366)
	at org.testng.SuiteRunner.runSequentially(SuiteRunner.java:361)
	at org.testng.SuiteRunner.privateRun(SuiteRunner.java:319)
	at org.testng.SuiteRunner.run(SuiteRunner.java:268)
	at org.testng.SuiteRunnerWorker.runSuite(SuiteRunnerWorker.java:52)
	at org.testng.SuiteRunnerWorker.run(SuiteRunnerWorker.java:86)
	at org.testng.TestNG.runSuitesSequentially(TestNG.java:1244)
	at org.testng.TestNG.runSuitesLocally(TestNG.java:1169)
	at org.testng.TestNG.run(TestNG.java:1064)
	at org.apache.maven.surefire.testng.TestNGExecutor.run(TestNGExecutor.java:135)
	at org.apache.maven.surefire.testng.TestNGDirectoryTestSuite.executeSingleClass(TestNGDirectoryTestSuite.java:112)
	at org.apache.maven.surefire.testng.TestNGDirectoryTestSuite.execute(TestNGDirectoryTestSuite.java:99)
	at org.apache.maven.surefire.testng.TestNGProvider.invoke(TestNGProvider.java:146)
	at org.apache.maven.surefire.booter.ForkedBooter.invokeProviderInSameClassLoader(ForkedBooter.java:379)
	at org.apache.maven.surefire.booter.ForkedBooter.runSuitesInProcess(ForkedBooter.java:340)
	at org.apache.maven.surefire.booter.ForkedBooter.execute(ForkedBooter.java:125)
	at org.apache.maven.surefire.booter.ForkedBooter.main(ForkedBooter.java:413)
]]>
            </full-stacktrace>
          </exception> <!-- org.openqa.selenium.WebDriverException -->
          <reporter-output>
          </reporter-output>
        </test-method> <!-- TestScreenshot -->
        <test-method status="PASS" signature="beforeTest()[pri:0, instance:com.howtodoinjava.demo.TestScreenshotsUsingAshots@4278a03f]" name="beforeTest" is-config="true" duration-ms="0" started-at="2020-08-27T19:58:57Z" finished-at="2020-08-27T19:58:57Z">
          <reporter-output>
          </reporter-output>
        </test-method> <!-- beforeTest -->
        <test-method status="PASS" signature="shootDown()[pri:0, instance:com.howtodoinjava.demo.TestScreenshotsUsingAshots@4278a03f]" name="shootDown" is-config="true" duration-ms="2133" started-at="2020-08-27T20:00:12Z" finished-at="2020-08-27T20:00:14Z">
          <reporter-output>
          </reporter-output>
        </test-method> <!-- shootDown -->
        <test-method status="PASS" signature="springTestContextAfterTestMethod(java.lang.reflect.Method)[pri:0, instance:com.howtodoinjava.demo.TestScreenshotsUsingAshots@4278a03f]" name="springTestContextAfterTestMethod" is-config="true" duration-ms="0" started-at="2020-08-27T20:00:12Z" finished-at="2020-08-27T20:00:12Z">
          <params>
            <param index="0">
              <value>
                <![CDATA[public void com.howtodoinjava.demo.TestScreenshotsUsingAshots.TestScreenshot() throws java.io.IOException,java.awt.AWTException,java.lang.InterruptedException,java.lang.ClassNotFoundException,java.lang.InstantiationException,java.lang.IllegalAccessException]]>
              </value>
            </param>
          </params>
          <reporter-output>
          </reporter-output>
        </test-method> <!-- springTestContextAfterTestMethod -->
        <test-method status="PASS" signature="springTestContextAfterTestClass()[pri:0, instance:com.howtodoinjava.demo.TestScreenshotsUsingAshots@4278a03f]" name="springTestContextAfterTestClass" is-config="true" duration-ms="0" started-at="2020-08-27T20:00:14Z" finished-at="2020-08-27T20:00:14Z">
          <reporter-output>
          </reporter-output>
        </test-method> <!-- springTestContextAfterTestClass -->
      </class> <!-- com.howtodoinjava.demo.TestScreenshotsUsingAshots -->
    </test> <!-- Surefire test -->
  </suite> <!-- Surefire suite -->
</testng-results>
