<?xml version="1.0" encoding="UTF-8"?>
<!-- Generated by org.testng.reporters.JUnitXMLReporter -->
<testsuite hostname="JUMPER-PC" name="OperaTest" tests="1" failures="0" timestamp="10 Aug 2020 15:30:06 GMT" time="0.005" errors="0">
  <testcase name="@BeforeTest launchbrowser" time="0.0" classname="com.howtodoinjava.demo.CrossBrowserTesting">
    <failure type="java.lang.NullPointerException">
      <![CDATA[java.lang.NullPointerException
	at com.howtodoinjava.demo.CrossBrowserTesting.launchbrowser(CrossBrowserTesting.java:36)
	at java.util.concurrent.FutureTask.run(FutureTask.java:266)
	at java.util.concurrent.ThreadPoolExecutor.runWorker(ThreadPoolExecutor.java:1149)
	at java.util.concurrent.ThreadPoolExecutor$Worker.run(ThreadPoolExecutor.java:624)
	at java.lang.Thread.run(Thread.java:748)
... Removed 14 stack frames]]>
    </failure>
  </testcase> <!-- @BeforeTest launchbrowser -->
  <testcase name="@AfterTest closeBrowser" time="0.0" classname="com.howtodoinjava.demo.CrossBrowserTesting">
    <skipped/>
  </testcase> <!-- @AfterTest closeBrowser -->
  <testcase name="calculatepercent" time="0.001" classname="com.howtodoinjava.demo.CrossBrowserTesting">
    <skipped/>
  </testcase> <!-- calculatepercent -->
</testsuite> <!-- OperaTest -->
