<?xml version="1.0" encoding="UTF-8"?>
<!-- Generated by org.testng.reporters.JUnitXMLReporter -->
<testsuite hostname="JUMPER-PC" name="IETest" tests="1" failures="0" timestamp="17 Jul 2020 07:29:59 GMT" time="0.116" errors="0">
  <testcase name="@BeforeTest launchbrowser" time="0.0" classname="com.howtodoinjava.demo.CrossBrowserTesting">
    <failure type="java.lang.NullPointerException">
      <![CDATA[java.lang.NullPointerException
	at com.howtodoinjava.demo.CrossBrowserTesting.launchbrowser(CrossBrowserTesting.java:35)
	at java.util.concurrent.FutureTask.run(Unknown Source)
	at java.util.concurrent.ThreadPoolExecutor.runWorker(Unknown Source)
	at java.util.concurrent.ThreadPoolExecutor$Worker.run(Unknown Source)
	at java.lang.Thread.run(Unknown Source)
... Removed 14 stack frames]]>
    </failure>
  </testcase> <!-- @BeforeTest launchbrowser -->
  <testcase name="@AfterTest closeBrowser" time="0.0" classname="com.howtodoinjava.demo.CrossBrowserTesting">
    <skipped/>
  </testcase> <!-- @AfterTest closeBrowser -->
  <testcase name="calculatepercent" time="0.002" classname="com.howtodoinjava.demo.CrossBrowserTesting">
    <skipped/>
  </testcase> <!-- calculatepercent -->
</testsuite> <!-- IETest -->
