<?xml version="1.0" encoding="UTF-8"?>
<!-- Generated by org.testng.reporters.JUnitXMLReporter -->
<testsuite hostname="JUMPER-PC" name="Test1" tests="1" failures="1" timestamp="27 Aug 2020 17:03:17 GMT" time="627.212" errors="0">
  <testcase name="test1" time="626.079" classname="com.howtodoinjava.demo.CrossBrowserTesting">
    <failure type="org.openqa.selenium.SessionNotCreatedException" message="session not created
from timeout: Timed out receiving message from renderer: 600.000
  (Session info: headless chrome=84.0.4147.135)
Build info: version: &amp;apos;3.9.1&amp;apos;, revision: &amp;apos;63f7b50&amp;apos;, time: &amp;apos;2018-02-07T22:25:02.294Z&amp;apos;
System info: host: &amp;apos;JUMPER-PC&amp;apos;, ip: &amp;apos;192.168.1.16&amp;apos;, os.name: &amp;apos;Windows 10&amp;apos;, os.arch: &amp;apos;amd64&amp;apos;, os.version: &amp;apos;10.0&amp;apos;, java.version: &amp;apos;1.8.0_261&amp;apos;
Driver info: driver.version: ChromeDriver
remote stacktrace: Backtrace:
	Ordinal0 [0x00B187E3+2852835]
	Ordinal0 [0x00A05BB1+1727409]
	Ordinal0 [0x008DE4B9+517305]
	Ordinal0 [0x008D5E70+482928]
	Ordinal0 [0x008D52D1+479953]
	Ordinal0 [0x008D5515+480533]
	Ordinal0 [0x008D4F45+479045]
	Ordinal0 [0x008DD225+512549]
	Ordinal0 [0x008D4F02+478978]
	Ordinal0 [0x008D5B19+482073]
	Ordinal0 [0x008D52D1+479953]
	Ordinal0 [0x008D5515+480533]
	Ordinal0 [0x008D4F45+479045]
	Ordinal0 [0x008D9BD9+498649]
	Ordinal0 [0x008D9C27+498727]
	Ordinal0 [0x008D4F02+478978]
	Ordinal0 [0x008D5B19+482073]
	Ordinal0 [0x008D52D1+479953]
	Ordinal0 [0x008D5515+480533]
	Ordinal0 [0x008D4F45+479045]
	Ordinal0 [0x008DBA6E+506478]
	Ordinal0 [0x008D4F02+478978]
	Ordinal0 [0x008D5B19+482073]
	Ordinal0 [0x008D52D1+479953]
	Ordinal0 [0x008D5515+480533]
	Ordinal0 [0x008D4F45+479045]
	Ordinal0 [0x008D9FC6+499654]
	Ordinal0 [0x008D4F02+478978]
	Ordinal0 [0x008D5B19+482073]
	Ordinal0 [0x008D52D1+479953]
	Ordinal0 [0x008D5515+480533]
	Ordinal0 [0x008D4F45+479045]
	Ordinal0 [0x008D9587+497031]
	Ordinal0 [0x008D4F02+478978]
	Ordinal0 [0x008D5B19+482073]
	Ordinal0 [0x008D52D1+479953]
	Ordinal0 [0x008D5515+480533]
	Ordinal0 [0x008D4F45+479045]
	Ordinal0 [0x008D16BC+464572]
	Ordinal0 [0x008D4F02+478978]
	Ordinal0 [0x008D4E57+478807]
	Ordinal0 [0x008DF300+520960]
	Ordinal0 [0x0088E489+189577]
	Ordinal0 [0x0088D7FD+186365]
	Ordinal0 [0x0088B70B+177931]
	Ordinal0 [0x00872584+75140]
	Ordinal0 [0x00873650+79440]
	Ordinal0 [0x008735E9+79337]
	Ordinal0 [0x00A1AD5C+1813852]
	GetHandleVerifier [0x00C3C616+1075574]
	GetHandleVerifier [0x00C3C367+1074887]
	GetHandleVerifier [0x00C47497+1120247]
	GetHandleVerifier [0x00C3CC16+1077110]
	Ordinal0 [0x00A13206+1782278]
	Ordinal0 [0x00A1C3BB+1819579]
	Ordinal0 [0x00A1C523+1819939]
	Ordinal0 [0x00A32B45+1911621]
	BaseThreadInitThunk [0x75056359+25]
	RtlGetAppContainerNamedObjectPath [0x77407C24+228]
	RtlGetAppContainerNamedObjectPath [0x77407BF4+180]
">
      <![CDATA[org.openqa.selenium.SessionNotCreatedException: session not created
from timeout: Timed out receiving message from renderer: 600.000
  (Session info: headless chrome=84.0.4147.135)
Build info: version: '3.9.1', revision: '63f7b50', time: '2018-02-07T22:25:02.294Z'
System info: host: 'JUMPER-PC', ip: '192.168.1.16', os.name: 'Windows 10', os.arch: 'amd64', os.version: '10.0', java.version: '1.8.0_261'
Driver info: driver.version: ChromeDriver
remote stacktrace: Backtrace:
	Ordinal0 [0x00B187E3+2852835]
	Ordinal0 [0x00A05BB1+1727409]
	Ordinal0 [0x008DE4B9+517305]
	Ordinal0 [0x008D5E70+482928]
	Ordinal0 [0x008D52D1+479953]
	Ordinal0 [0x008D5515+480533]
	Ordinal0 [0x008D4F45+479045]
	Ordinal0 [0x008DD225+512549]
	Ordinal0 [0x008D4F02+478978]
	Ordinal0 [0x008D5B19+482073]
	Ordinal0 [0x008D52D1+479953]
	Ordinal0 [0x008D5515+480533]
	Ordinal0 [0x008D4F45+479045]
	Ordinal0 [0x008D9BD9+498649]
	Ordinal0 [0x008D9C27+498727]
	Ordinal0 [0x008D4F02+478978]
	Ordinal0 [0x008D5B19+482073]
	Ordinal0 [0x008D52D1+479953]
	Ordinal0 [0x008D5515+480533]
	Ordinal0 [0x008D4F45+479045]
	Ordinal0 [0x008DBA6E+506478]
	Ordinal0 [0x008D4F02+478978]
	Ordinal0 [0x008D5B19+482073]
	Ordinal0 [0x008D52D1+479953]
	Ordinal0 [0x008D5515+480533]
	Ordinal0 [0x008D4F45+479045]
	Ordinal0 [0x008D9FC6+499654]
	Ordinal0 [0x008D4F02+478978]
	Ordinal0 [0x008D5B19+482073]
	Ordinal0 [0x008D52D1+479953]
	Ordinal0 [0x008D5515+480533]
	Ordinal0 [0x008D4F45+479045]
	Ordinal0 [0x008D9587+497031]
	Ordinal0 [0x008D4F02+478978]
	Ordinal0 [0x008D5B19+482073]
	Ordinal0 [0x008D52D1+479953]
	Ordinal0 [0x008D5515+480533]
	Ordinal0 [0x008D4F45+479045]
	Ordinal0 [0x008D16BC+464572]
	Ordinal0 [0x008D4F02+478978]
	Ordinal0 [0x008D4E57+478807]
	Ordinal0 [0x008DF300+520960]
	Ordinal0 [0x0088E489+189577]
	Ordinal0 [0x0088D7FD+186365]
	Ordinal0 [0x0088B70B+177931]
	Ordinal0 [0x00872584+75140]
	Ordinal0 [0x00873650+79440]
	Ordinal0 [0x008735E9+79337]
	Ordinal0 [0x00A1AD5C+1813852]
	GetHandleVerifier [0x00C3C616+1075574]
	GetHandleVerifier [0x00C3C367+1074887]
	GetHandleVerifier [0x00C47497+1120247]
	GetHandleVerifier [0x00C3CC16+1077110]
	Ordinal0 [0x00A13206+1782278]
	Ordinal0 [0x00A1C3BB+1819579]
	Ordinal0 [0x00A1C523+1819939]
	Ordinal0 [0x00A32B45+1911621]
	BaseThreadInitThunk [0x75056359+25]
	RtlGetAppContainerNamedObjectPath [0x77407C24+228]
	RtlGetAppContainerNamedObjectPath [0x77407BF4+180]

	at org.openqa.selenium.remote.W3CHandshakeResponse.lambda$new$0(W3CHandshakeResponse.java:57)
	at org.openqa.selenium.remote.W3CHandshakeResponse.lambda$getResponseFunction$2(W3CHandshakeResponse.java:104)
	at org.openqa.selenium.remote.ProtocolHandshake.lambda$createSession$0(ProtocolHandshake.java:123)
	at java.util.stream.ReferencePipeline$3$1.accept(Unknown Source)
	at java.util.Spliterators$ArraySpliterator.tryAdvance(Unknown Source)
	at java.util.stream.ReferencePipeline.forEachWithCancel(Unknown Source)
	at java.util.stream.AbstractPipeline.copyIntoWithCancel(Unknown Source)
	at java.util.stream.AbstractPipeline.copyInto(Unknown Source)
	at java.util.stream.AbstractPipeline.wrapAndCopyInto(Unknown Source)
	at java.util.stream.FindOps$FindOp.evaluateSequential(Unknown Source)
	at java.util.stream.AbstractPipeline.evaluate(Unknown Source)
	at java.util.stream.ReferencePipeline.findFirst(Unknown Source)
	at org.openqa.selenium.remote.ProtocolHandshake.createSession(ProtocolHandshake.java:126)
	at org.openqa.selenium.remote.ProtocolHandshake.createSession(ProtocolHandshake.java:73)
	at org.openqa.selenium.remote.HttpCommandExecutor.execute(HttpCommandExecutor.java:138)
	at org.openqa.selenium.remote.service.DriverCommandExecutor.execute(DriverCommandExecutor.java:83)
	at org.openqa.selenium.remote.RemoteWebDriver.execute(RemoteWebDriver.java:601)
	at org.openqa.selenium.remote.RemoteWebDriver.startSession(RemoteWebDriver.java:219)
	at org.openqa.selenium.remote.RemoteWebDriver.<init>(RemoteWebDriver.java:142)
	at org.openqa.selenium.chrome.ChromeDriver.<init>(ChromeDriver.java:181)
	at org.openqa.selenium.chrome.ChromeDriver.<init>(ChromeDriver.java:168)
	at org.openqa.selenium.chrome.ChromeDriver.<init>(ChromeDriver.java:157)
	at com.howtodoinjava.demo.CrossBrowserTesting.test1(CrossBrowserTesting.java:77)
	at org.springframework.test.context.testng.AbstractTestNGSpringContextTests.run(AbstractTestNGSpringContextTests.java:180)
	at java.util.concurrent.FutureTask.run(Unknown Source)
	at java.util.concurrent.ThreadPoolExecutor.runWorker(Unknown Source)
	at java.util.concurrent.ThreadPoolExecutor$Worker.run(Unknown Source)
	at java.lang.Thread.run(Unknown Source)
... Removed 22 stack frames]]>
    </failure>
  </testcase> <!-- test1 -->
</testsuite> <!-- Test1 -->
