<?xml version="1.0" encoding="UTF-8"?>
<!-- Generated by org.testng.reporters.JUnitXMLReporter -->
<testsuite hostname="JUMPER-PC" name="Test2" tests="1" failures="1" timestamp="23 Aug 2020 18:41:36 GMT" time="68.384" errors="0">
  <testcase name="test1" time="66.724" classname="com.howtodoinjava.demo.CrossBrowserTesting">
    <failure type="org.openqa.selenium.WebDriverException" message="unknown error: DevToolsActivePort file doesn&amp;apos;t exist
Build info: version: &amp;apos;3.9.1&amp;apos;, revision: &amp;apos;63f7b50&amp;apos;, time: &amp;apos;2018-02-07T22:25:02.294Z&amp;apos;
System info: host: &amp;apos;JUMPER-PC&amp;apos;, ip: &amp;apos;192.168.1.16&amp;apos;, os.name: &amp;apos;Windows 10&amp;apos;, os.arch: &amp;apos;amd64&amp;apos;, os.version: &amp;apos;10.0&amp;apos;, java.version: &amp;apos;1.8.0_261&amp;apos;
Driver info: driver.version: EdgeDriver
remote stacktrace: Backtrace:
	Ordinal0 [0x00007FF718211BB2+3414962]
	Ordinal0 [0x00007FF7180E75A2+2192802]
	Ordinal0 [0x00007FF717F8478F+739215]
	Ordinal0 [0x00007FF717EE77B2+96178]
	Ordinal0 [0x00007FF717EE422E+82478]
	Ordinal0 [0x00007FF717EE1272+70258]
	Ordinal0 [0x00007FF717F107CB+264139]
	Ordinal0 [0x00007FF717F0D68F+251535]
	Ordinal0 [0x00007FF717EEA663+108131]
	Ordinal0 [0x00007FF717EEB9CE+113102]
	Ordinal0 [0x00007FF7181024E1+2303201]
	GetHandleVerifier [0x00007FF71838E544+1425828]
	GetHandleVerifier [0x00007FF71838E30A+1425258]
	GetHandleVerifier [0x00007FF7183A62C1+1523489]
	GetHandleVerifier [0x00007FF71838EB5B+1427387]
	Ordinal0 [0x00007FF7180F8787+2262919]
	Ordinal0 [0x00007FF718103EBA+2309818]
	Ordinal0 [0x00007FF7181220B8+2433208]
	BaseThreadInitThunk [0x00007FFE7D6A7BD4+20]
	RtlUserThreadStart [0x00007FFE7F4CCE51+33]
">
      <![CDATA[org.openqa.selenium.WebDriverException: unknown error: DevToolsActivePort file doesn't exist
Build info: version: '3.9.1', revision: '63f7b50', time: '2018-02-07T22:25:02.294Z'
System info: host: 'JUMPER-PC', ip: '192.168.1.16', os.name: 'Windows 10', os.arch: 'amd64', os.version: '10.0', java.version: '1.8.0_261'
Driver info: driver.version: EdgeDriver
remote stacktrace: Backtrace:
	Ordinal0 [0x00007FF718211BB2+3414962]
	Ordinal0 [0x00007FF7180E75A2+2192802]
	Ordinal0 [0x00007FF717F8478F+739215]
	Ordinal0 [0x00007FF717EE77B2+96178]
	Ordinal0 [0x00007FF717EE422E+82478]
	Ordinal0 [0x00007FF717EE1272+70258]
	Ordinal0 [0x00007FF717F107CB+264139]
	Ordinal0 [0x00007FF717F0D68F+251535]
	Ordinal0 [0x00007FF717EEA663+108131]
	Ordinal0 [0x00007FF717EEB9CE+113102]
	Ordinal0 [0x00007FF7181024E1+2303201]
	GetHandleVerifier [0x00007FF71838E544+1425828]
	GetHandleVerifier [0x00007FF71838E30A+1425258]
	GetHandleVerifier [0x00007FF7183A62C1+1523489]
	GetHandleVerifier [0x00007FF71838EB5B+1427387]
	Ordinal0 [0x00007FF7180F8787+2262919]
	Ordinal0 [0x00007FF718103EBA+2309818]
	Ordinal0 [0x00007FF7181220B8+2433208]
	BaseThreadInitThunk [0x00007FFE7D6A7BD4+20]
	RtlUserThreadStart [0x00007FFE7F4CCE51+33]

	at org.openqa.selenium.remote.W3CHandshakeResponse.lambda$new$0(W3CHandshakeResponse.java:57)
	at org.openqa.selenium.remote.W3CHandshakeResponse.lambda$getResponseFunction$2(W3CHandshakeResponse.java:104)
	at org.openqa.selenium.remote.ProtocolHandshake.lambda$createSession$0(ProtocolHandshake.java:123)
	at java.util.stream.ReferencePipeline$3$1.accept(Unknown Source)
	at java.util.Spliterators$ArraySpliterator.tryAdvance(Unknown Source)
	at java.util.stream.ReferencePipeline.forEachWithCancel(Unknown Source)
	at java.util.stream.AbstractPipeline.copyIntoWithCancel(Unknown Source)
	at java.util.stream.AbstractPipeline.copyInto(Unknown Source)
	at java.util.stream.AbstractPipeline.wrapAndCopyInto(Unknown Source)
	at java.util.stream.FindOps$FindOp.evaluateSequential(Unknown Source)
	at java.util.stream.AbstractPipeline.evaluate(Unknown Source)
	at java.util.stream.ReferencePipeline.findFirst(Unknown Source)
	at org.openqa.selenium.remote.ProtocolHandshake.createSession(ProtocolHandshake.java:126)
	at org.openqa.selenium.remote.ProtocolHandshake.createSession(ProtocolHandshake.java:73)
	at org.openqa.selenium.remote.HttpCommandExecutor.execute(HttpCommandExecutor.java:138)
	at org.openqa.selenium.remote.service.DriverCommandExecutor.execute(DriverCommandExecutor.java:83)
	at org.openqa.selenium.remote.RemoteWebDriver.execute(RemoteWebDriver.java:601)
	at org.openqa.selenium.remote.RemoteWebDriver.startSession(RemoteWebDriver.java:219)
	at org.openqa.selenium.remote.RemoteWebDriver.<init>(RemoteWebDriver.java:142)
	at org.openqa.selenium.edge.EdgeDriver.<init>(EdgeDriver.java:141)
	at org.openqa.selenium.edge.EdgeDriver.<init>(EdgeDriver.java:96)
	at com.howtodoinjava.demo.CrossBrowserTesting.test1(CrossBrowserTesting.java:89)
	at org.springframework.test.context.testng.AbstractTestNGSpringContextTests.run(AbstractTestNGSpringContextTests.java:180)
	at java.util.concurrent.FutureTask.run(Unknown Source)
	at java.util.concurrent.ThreadPoolExecutor.runWorker(Unknown Source)
	at java.util.concurrent.ThreadPoolExecutor$Worker.run(Unknown Source)
	at java.lang.Thread.run(Unknown Source)
... Removed 22 stack frames]]>
    </failure>
  </testcase> <!-- test1 -->
</testsuite> <!-- Test2 -->
